#
# A fatal error has been detected by the Java Runtime Environment:
#
#  EXCEPTION_ACCESS_VIOLATION (0xc0000005) at pc=0x00007ffc6d023840, pid=5104, tid=2508
#
# JRE version: OpenJDK Runtime Environment Temurin-17.0.3+7 (17.0.3+7) (build 17.0.3+7)
# Java VM: OpenJDK 64-Bit Server VM Temurin-17.0.3+7 (17.0.3+7, mixed mode, tiered, compressed oops, compressed class ptrs, parallel gc, windows-amd64)
# Problematic frame:
# V  [jvm.dll+0x123840]
#
# No core dump will be written. Minidumps are not enabled by default on client versions of Windows
#
# If you would like to submit a bug report, please visit:
#   https://github.com/adoptium/adoptium-support/issues
#

---------------  S U M M A R Y ------------

Command Line: --add-modules=ALL-SYSTEM --add-opens=java.base/java.util=ALL-UNNAMED --add-opens=java.base/java.lang=ALL-UNNAMED --add-opens=java.base/sun.nio.fs=ALL-UNNAMED -Declipse.application=org.eclipse.jdt.ls.core.id1 -Dosgi.bundles.defaultStartLevel=4 -Declipse.product=org.eclipse.jdt.ls.core.product -Djava.import.generatesMetadataFilesAtProjectRoot=false -Dfile.encoding=utf8 -DwatchParentProcess=false -XX:+UseParallelGC -XX:GCTimeRatio=4 -XX:AdaptiveSizePolicyWeight=90 -Dsun.zip.disableMemoryMapping=true -Xmx1G -Xms100m -XX:+HeapDumpOnOutOfMemoryError -XX:HeapDumpPath=c:\Users\asus\AppData\Roaming\Code\User\workspaceStorage\e5639212e1b3025ed554fdfd6e37b3fa\redhat.java c:\Users\asus\.vscode\extensions\redhat.java-1.7.0-win32-x64\server\plugins\org.eclipse.equinox.launcher_1.6.400.v20210924-0641.jar -configuration c:\Users\asus\AppData\Roaming\Code\User\globalStorage\redhat.java\1.7.0\config_win -data c:\Users\asus\AppData\Roaming\Code\User\workspaceStorage\e5639212e1b3025ed554fdfd6e37b3fa\redhat.java\jdt_ws

Host: Intel(R) Celeron(R) CPU  N2830  @ 2.16GHz, 2 cores, 3G,  Windows 10 , 64 bit Build 19041 (10.0.19041.1706)
Time: Wed Jun  8 10:03:30 2022 Malay Peninsula Standard Time elapsed time: 15081.311818 seconds (0d 4h 11m 21s)

---------------  T H R E A D  ---------------

Current thread (0x000001717cb13b80):  JavaThread "C2 CompilerThread0" daemon [_thread_in_native, id=2508, stack(0x0000005059e00000,0x0000005059f00000)]


Current CompileTask:
C2:15081312 35129   !   4       org.eclipse.jdt.internal.compiler.parser.Scanner::jumpOverMethodBody (2085 bytes)

Stack: [0x0000005059e00000,0x0000005059f00000],  sp=0x0000005059efb6c0,  free space=1005k
Native frames: (J=compiled Java code, j=interpreted, Vv=VM code, C=native code)
V  [jvm.dll+0x123840]
V  [jvm.dll+0x123c43]
V  [jvm.dll+0x1236ae]
V  [jvm.dll+0x67b415]
V  [jvm.dll+0x21872f]
V  [jvm.dll+0x217781]
V  [jvm.dll+0x1a3ccd]
V  [jvm.dll+0x227178]
V  [jvm.dll+0x2252bc]
V  [jvm.dll+0x7e673b]
V  [jvm.dll+0x7e0cfa]
V  [jvm.dll+0x674d85]
C  [ucrtbase.dll+0x21bb2]
C  [KERNEL32.DLL+0x17034]
C  [ntdll.dll+0x52651]


siginfo: EXCEPTION_ACCESS_VIOLATION (0xc0000005), reading address 0x0000000000000000


Register to memory mapping:

RIP=0x00007ffc6d023840 jvm.dll
RAX=0x000001710f96b4e8 points into unknown readable memory: 0x000001711f4bdc68 | 68 dc 4b 1f 71 01 00 00
RBX=0x0000000000000018 is an unknown value
RCX=0x0 is NULL
RDX=0x000001711166fcb0 points into unknown readable memory: 0x00000000c010403f | 3f 40 10 c0 00 00 00 00
RSP=0x0000005059efb6c0 is pointing into the stack for thread: 0x000001717cb13b80
RBP=0x000001710f96c890 points into unknown readable memory: 0x000000016da6bbe8 | e8 bb a6 6d 01 00 00 00
RSI=0x0000000000000017 is an unknown value
RDI=0x0 is NULL
R8 =0x0000000000000003 is an unknown value
R9 =0x00007ffc6cf00000 jvm.dll
R10=0x0000000000000003 is an unknown value
R11=0x0000000000000020 is an unknown value
R12=0x0000017111810a30 points into unknown readable memory: 0x00007ffc6d7e1bb8 | b8 1b 7e 6d fc 7f 00 00
R13=0x0000000000000008 is an unknown value
R14=0x0000000000000003 is an unknown value
R15=0x0 is NULL


Registers:
RAX=0x000001710f96b4e8, RBX=0x0000000000000018, RCX=0x0000000000000000, RDX=0x000001711166fcb0
RSP=0x0000005059efb6c0, RBP=0x000001710f96c890, RSI=0x0000000000000017, RDI=0x0000000000000000
R8 =0x0000000000000003, R9 =0x00007ffc6cf00000, R10=0x0000000000000003, R11=0x0000000000000020
R12=0x0000017111810a30, R13=0x0000000000000008, R14=0x0000000000000003, R15=0x0000000000000000
RIP=0x00007ffc6d023840, EFLAGS=0x0000000000010297

Top of Stack: (sp=0x0000005059efb6c0)
0x0000005059efb6c0:   000000000000026e 0000000000000012
0x0000005059efb6d0:   0000017120bbfbd0 00007ffc6cfabf19
0x0000005059efb6e0:   0000017100000008 0000000000000018
0x0000005059efb6f0:   0000000000000006 0000000000000003
0x0000005059efb700:   000001710fa8f650 0000000000000009
0x0000005059efb710:   0000017112d7f0c0 000000000000026e
0x0000005059efb720:   0000005059efbd20 ffffffffffffffff
0x0000005059efb730:   00000000ffffffff 000001710f96c860
0x0000005059efb740:   0000000000000012 000001710fb16cf0
0x0000005059efb750:   0000017111810a30 00007ffc6d023c43
0x0000005059efb760:   000001710f96c860 0000017100000020
0x0000005059efb770:   000000000000026e 0000005059efbd20
0x0000005059efb780:   000001711166fcb0 00007ffc6d0245d2
0x0000005059efb790:   0000005059efcbd0 0000000000000000
0x0000005059efb7a0:   0000017120bc88f0 00000171115237c0
0x0000005059efb7b0:   00000171115234f0 000001710f96c860 

Instructions: (pc=0x00007ffc6d023840)
0x00007ffc6d023740:   55 56 57 41 54 41 55 41 56 41 57 48 83 ec 58 49
0x00007ffc6d023750:   8b 41 58 4c 8b e2 41 8b 79 50 33 d2 41 8b d8 89
0x00007ffc6d023760:   bc 24 a8 00 00 00 44 8b a8 68 0c 00 00 44 2b 2d
0x00007ffc6d023770:   e4 be a0 00 8d 4a 10 e8 64 88 5a 00 33 f6 48 85
0x00007ffc6d023780:   c0 74 12 45 8b c5 8b d7 48 8b c8 e8 40 f5 53 00
0x00007ffc6d023790:   48 8b e8 eb 03 48 8b ee 41 8b 44 24 2c 4d 8b fc
0x00007ffc6d0237a0:   83 e0 1f 49 8b cc 3c 1e 49 8b 04 24 4c 0f 45 fe
0x00007ffc6d0237b0:   ff 90 88 00 00 00 48 89 44 24 40 44 8b f6 85 db
0x00007ffc6d0237c0:   0f 8e ba 03 00 00 48 8b 94 24 c0 00 00 00 4c 8d
0x00007ffc6d0237d0:   0d 2b c8 ed ff b9 01 00 00 00 48 89 74 24 30 48
0x00007ffc6d0237e0:   8b de 89 4c 24 20 48 8b c6 48 89 5c 24 28 48 89
0x00007ffc6d0237f0:   44 24 38 48 c1 e8 05 85 0c 82 0f 84 4a 03 00 00
0x00007ffc6d023800:   48 8b 0d 51 be a0 00 44 3b f1 7d 0a 4a 8b b4 0b
0x00007ffc6d023810:   50 ae af 00 eb 17 41 8b c6 2b c1 41 3b c5 7d 04
0x00007ffc6d023820:   03 c7 eb 03 41 2b c5 48 63 f0 48 03 f1 48 8b 84
0x00007ffc6d023830:   24 a0 00 00 00 48 8b 40 08 48 8b 3c 03 48 8b cf
0x00007ffc6d023840:   48 8b 07 ff 50 28 4c 8d 0d b3 c7 ed ff 48 8b d0
0x00007ffc6d023850:   4c 63 40 10 49 8b c8 48 c1 e1 05 42 80 bc 09 f0
0x00007ffc6d023860:   6e b1 00 00 0f 84 2e 02 00 00 41 f6 c6 01 0f 85
0x00007ffc6d023870:   c7 02 00 00 48 8b ce 81 e1 ff 3f 00 00 48 3b f1
0x00007ffc6d023880:   74 3b 48 8b 84 24 b8 00 00 00 48 8d 15 87 54 7f
0x00007ffc6d023890:   00 45 33 c0 48 8b 58 10 48 8b 8b 70 01 00 00 e8
0x00007ffc6d0238a0:   3c 11 0a 00 48 8d 15 6d 54 7f 00 48 8b cb e8 5d
0x00007ffc6d0238b0:   e5 0f 00 48 8b 5c 24 28 e9 77 02 00 00 83 78 24
0x00007ffc6d0238c0:   00 75 42 4d 85 ff 74 2d 49 8b 47 78 48 8b 48 18
0x00007ffc6d0238d0:   44 8b 41 18 b9 05 00 00 00 44 3b c1 76 17 4d 8b
0x00007ffc6d0238e0:   4f 08 8b c1 49 39 3c c1 0f 84 46 02 00 00 ff c1
0x00007ffc6d0238f0:   41 3b c8 72 ed 48 8b d6 48 8b cd e8 c0 03 54 00
0x00007ffc6d023900:   e9 2f 02 00 00 48 8b 4c 24 40 e8 11 75 08 00 41
0x00007ffc6d023910:   8b 54 24 18 8b d8 3b c2 73 19 4d 8b 44 24 08 90
0x00007ffc6d023920:   8b cb 49 39 3c c8 0f 84 9e 00 00 00 83 c3 02 3b
0x00007ffc6d023930:   da 72 ed 3b da 0f 85 8f 00 00 00 48 8b 4c 24 40 


Stack slot to memory mapping:
stack at sp + 0 slots: 0x000000000000026e is an unknown value
stack at sp + 1 slots: 0x0000000000000012 is an unknown value
stack at sp + 2 slots: 0x0000017120bbfbd0 points into unknown readable memory: 0x000001710f96b4d0 | d0 b4 96 0f 71 01 00 00
stack at sp + 3 slots: 0x00007ffc6cfabf19 jvm.dll
stack at sp + 4 slots: 0x0000017100000008 points into unknown readable memory: 0x0000000000000001 | 01 00 00 00 00 00 00 00
stack at sp + 5 slots: 0x0000000000000018 is an unknown value
stack at sp + 6 slots: 0x0000000000000006 is an unknown value
stack at sp + 7 slots: 0x0000000000000003 is an unknown value


---------------  P R O C E S S  ---------------

Threads class SMR info:
_java_thread_list=0x000001710f564350, length=47, elements={
0x0000017177d0c1a0, 0x000001717cadc8c0, 0x000001717cadd640, 0x000001717caefb30,
0x000001717caf08b0, 0x000001717caf1630, 0x000001717cb11f80, 0x000001717cb13b80,
0x000001717cb71f00, 0x000001717cb72410, 0x000001717df0ff30, 0x000001717e05a7f0,
0x000001717e505570, 0x000001717df69c70, 0x000001717df3e6d0, 0x000001717e386a90,
0x000001717e1deae0, 0x000001717e6c0620, 0x000001710f1baef0, 0x000001710f1bcbd0,
0x000001710fecd420, 0x000001710f1bd0a0, 0x000001710f1bc700, 0x000001711eb91530,
0x000001711eb93bb0, 0x000001710fca2970, 0x000001711eb970a0, 0x000001711eb92870,
0x000001711eb96700, 0x000001711eb94080, 0x000001710fc9efb0, 0x000001710fc9f950,
0x000001710fecd8f0, 0x000001710fecddc0, 0x000001710fca1fd0, 0x000001710fca24a0,
0x000001711e78c160, 0x000001711e788c70, 0x000001710fc9d7a0, 0x000001710fc9e610,
0x0000017111d860d0, 0x000001711e786ac0, 0x0000017111d87410, 0x00000171116c2fe0,
0x00000171116c0490, 0x000001710fece760, 0x000001710fecc5b0
}

Java Threads: ( => current thread )
  0x0000017177d0c1a0 JavaThread "main" [_thread_blocked, id=5492, stack(0x0000005059400000,0x0000005059500000)]
  0x000001717cadc8c0 JavaThread "Reference Handler" daemon [_thread_blocked, id=3808, stack(0x0000005059800000,0x0000005059900000)]
  0x000001717cadd640 JavaThread "Finalizer" daemon [_thread_blocked, id=3044, stack(0x0000005059900000,0x0000005059a00000)]
  0x000001717caefb30 JavaThread "Signal Dispatcher" daemon [_thread_blocked, id=13032, stack(0x0000005059a00000,0x0000005059b00000)]
  0x000001717caf08b0 JavaThread "Attach Listener" daemon [_thread_blocked, id=5800, stack(0x0000005059b00000,0x0000005059c00000)]
  0x000001717caf1630 JavaThread "Service Thread" daemon [_thread_blocked, id=7920, stack(0x0000005059c00000,0x0000005059d00000)]
  0x000001717cb11f80 JavaThread "Monitor Deflation Thread" daemon [_thread_blocked, id=10724, stack(0x0000005059d00000,0x0000005059e00000)]
=>0x000001717cb13b80 JavaThread "C2 CompilerThread0" daemon [_thread_in_native, id=2508, stack(0x0000005059e00000,0x0000005059f00000)]
  0x000001717cb71f00 JavaThread "C1 CompilerThread0" daemon [_thread_blocked, id=2584, stack(0x0000005059f00000,0x000000505a000000)]
  0x000001717cb72410 JavaThread "Sweeper thread" daemon [_thread_blocked, id=12044, stack(0x000000505a000000,0x000000505a100000)]
  0x000001717df0ff30 JavaThread "Common-Cleaner" daemon [_thread_blocked, id=5476, stack(0x000000505a100000,0x000000505a200000)]
  0x000001717e05a7f0 JavaThread "Notification Thread" daemon [_thread_blocked, id=11812, stack(0x000000505a200000,0x000000505a300000)]
  0x000001717e505570 JavaThread "Active Thread: Equinox Container: 8d81c0f5-7b6c-4675-9920-a43843b92626" [_thread_blocked, id=7744, stack(0x000000505a400000,0x000000505a500000)]
  0x000001717df69c70 JavaThread "Framework Event Dispatcher: Equinox Container: 8d81c0f5-7b6c-4675-9920-a43843b92626" daemon [_thread_blocked, id=3996, stack(0x000000505a500000,0x000000505a600000)]
  0x000001717df3e6d0 JavaThread "Start Level: Equinox Container: 8d81c0f5-7b6c-4675-9920-a43843b92626" daemon [_thread_blocked, id=8272, stack(0x000000505a600000,0x000000505a700000)]
  0x000001717e386a90 JavaThread "SCR Component Actor" daemon [_thread_blocked, id=9372, stack(0x000000505a800000,0x000000505a900000)]
  0x000001717e1deae0 JavaThread "Bundle File Closer" daemon [_thread_blocked, id=10668, stack(0x000000505a900000,0x000000505aa00000)]
  0x000001717e6c0620 JavaThread "Worker-JM" [_thread_blocked, id=12132, stack(0x000000505ab00000,0x000000505ac00000)]
  0x000001710f1baef0 JavaThread "Java indexing" daemon [_thread_blocked, id=3544, stack(0x000000505b300000,0x000000505b400000)]
  0x000001710f1bcbd0 JavaThread "pool-1-thread-1" [_thread_blocked, id=4936, stack(0x000000505ad00000,0x000000505ae00000)]
  0x000001710fecd420 JavaThread "Java Debug Server" [_thread_in_native, id=4836, stack(0x000000505af00000,0x000000505b000000)]
  0x000001710f1bd0a0 JavaThread "RxSchedulerPurge-1" daemon [_thread_blocked, id=9760, stack(0x000000505b700000,0x000000505b800000)]
  0x000001710f1bc700 JavaThread "RxCachedWorkerPoolEvictor-1" daemon [_thread_blocked, id=7748, stack(0x000000505b900000,0x000000505ba00000)]
  0x000001711eb91530 JavaThread "process reaper" daemon [_thread_in_native, id=3576, stack(0x0000005058f60000,0x0000005058f80000)]
  0x000001711eb93bb0 JavaThread "Worker-83" [_thread_blocked, id=920, stack(0x000000505b200000,0x000000505b300000)]
  0x000001710fca2970 JavaThread "ForkJoinPool.commonPool-worker-29" daemon [_thread_blocked, id=3952, stack(0x000000505ac00000,0x000000505ad00000)]
  0x000001711eb970a0 JavaThread "Worker-86" [_thread_blocked, id=5592, stack(0x000000505bb00000,0x000000505bc00000)]
  0x000001711eb92870 JavaThread "Worker-87: Publish Diagnostics" [_thread_in_Java, id=11028, stack(0x0000005059500000,0x0000005059600000)]
  0x000001711eb96700 JavaThread "pool-10-thread-48" [_thread_in_native, id=8724, stack(0x000000505b000000,0x000000505b100000)]
  0x000001711eb94080 JavaThread "RxNewThreadScheduler-126" daemon [_thread_blocked, id=9776, stack(0x000000505b100000,0x000000505b200000)]
  0x000001710fc9efb0 JavaThread "Worker-88" [_thread_blocked, id=1644, stack(0x000000505ae00000,0x000000505af00000)]
  0x000001710fc9f950 JavaThread "pool-425-thread-1" [_thread_blocked, id=9512, stack(0x000000505b500000,0x000000505b600000)]
  0x000001710fecd8f0 JavaThread "pool-426-thread-1" [_thread_blocked, id=3772, stack(0x000000505b800000,0x000000505b900000)]
  0x000001710fecddc0 JavaThread "pool-427-thread-1" [_thread_blocked, id=6744, stack(0x000000505b600000,0x000000505b700000)]
  0x000001710fca1fd0 JavaThread "pool-428-thread-1" [_thread_blocked, id=6716, stack(0x000000505bd00000,0x000000505be00000)]
  0x000001710fca24a0 JavaThread "pool-429-thread-1" [_thread_blocked, id=7256, stack(0x000000505be00000,0x000000505bf00000)]
  0x000001711e78c160 JavaThread "pool-430-thread-1" [_thread_blocked, id=12180, stack(0x000000505c000000,0x000000505c100000)]
  0x000001711e788c70 JavaThread "pool-431-thread-1" [_thread_blocked, id=1748, stack(0x000000505c200000,0x000000505c300000)]
  0x000001710fc9d7a0 JavaThread "pool-432-thread-1" [_thread_blocked, id=9220, stack(0x000000505bf00000,0x000000505c000000)]
  0x000001710fc9e610 JavaThread "pool-433-thread-1" [_thread_blocked, id=9124, stack(0x000000505c400000,0x000000505c500000)]
  0x0000017111d860d0 JavaThread "pool-434-thread-1" [_thread_blocked, id=6104, stack(0x000000505c700000,0x000000505c800000)]
  0x000001711e786ac0 JavaThread "pool-435-thread-1" [_thread_blocked, id=11596, stack(0x000000505c800000,0x000000505c900000)]
  0x0000017111d87410 JavaThread "pool-436-thread-1" [_thread_blocked, id=1528, stack(0x000000505bc00000,0x000000505bd00000)]
  0x00000171116c2fe0 JavaThread "pool-437-thread-1" [_thread_blocked, id=9548, stack(0x000000505b400000,0x000000505b500000)]
  0x00000171116c0490 JavaThread "pool-438-thread-1" [_thread_blocked, id=11636, stack(0x000000505c100000,0x000000505c200000)]
  0x000001710fece760 JavaThread "Thread-28419" [_thread_blocked, id=13272, stack(0x000000505ba00000,0x000000505bb00000)]
  0x000001710fecc5b0 JavaThread "Thread-28421" [_thread_blocked, id=11560, stack(0x000000505c500000,0x000000505c600000)]

Other Threads:
  0x000001717cac6c00 VMThread "VM Thread" [stack: 0x0000005059700000,0x0000005059800000] [id=13068]
  0x000001717e019880 WatcherThread [stack: 0x000000505a300000,0x000000505a400000] [id=12924]
  0x0000017177d24220 GCTaskThread "GC Thread#0" [stack: 0x0000005059600000,0x0000005059700000] [id=8264]
  0x000001717e59efc0 GCTaskThread "GC Thread#1" [stack: 0x000000505a700000,0x000000505a800000] [id=11488]

Threads with active compile tasks:
C2 CompilerThread0  15081754 35129   !   4       org.eclipse.jdt.internal.compiler.parser.Scanner::jumpOverMethodBody (2085 bytes)

VM state: not at safepoint (normal execution)

VM Mutex/Monitor currently owned by a thread: None

Heap address: 0x00000000c0000000, size: 1024 MB, Compressed Oops mode: 32-bit

CDS archive(s) not mapped
Compressed class space mapped at: 0x0000000100000000-0x0000000140000000, reserved size: 1073741824
Narrow klass base: 0x0000000000000000, Narrow klass shift: 3, Narrow klass range: 0x140000000

GC Precious Log:
 CPUs: 2 total, 2 available
 Memory: 3982M
 Large Page Support: Disabled
 NUMA Support: Disabled
 Compressed Oops: Enabled (32-bit)
 Alignments: Space 512K, Generation 512K, Heap 2M
 Heap Min Capacity: 100M
 Heap Initial Capacity: 100M
 Heap Max Capacity: 1G
 Pre-touch: Disabled
 Parallel Workers: 2

Heap:
 PSYoungGen      total 4608K, used 1433K [0x00000000eab00000, 0x00000000eb080000, 0x0000000100000000)
  eden space 4096K, 25% used [0x00000000eab00000,0x00000000eac06498,0x00000000eaf00000)
  from space 512K, 75% used [0x00000000eb000000,0x00000000eb060000,0x00000000eb080000)
  to   space 512K, 0% used [0x00000000eaf80000,0x00000000eaf80000,0x00000000eb000000)
 ParOldGen       total 221184K, used 174425K [0x00000000c0000000, 0x00000000cd800000, 0x00000000eab00000)
  object space 221184K, 78% used [0x00000000c0000000,0x00000000caa567b8,0x00000000cd800000)
 Metaspace       used 89950K, committed 90880K, reserved 1138688K
  class space    used 8596K, committed 9024K, reserved 1048576K

Card table byte_map: [0x00000171776d0000,0x00000171778e0000] _byte_map_base: 0x00000171770d0000

Marking Bits: (ParMarkBitMap*) 0x00007ffc6da84b80
 Begin Bits: [0x000001717a9a0000, 0x000001717b9a0000)
 End Bits:   [0x000001717b9a0000, 0x000001717c9a0000)

Polling page: 0x0000017175bd0000

Metaspace:

Usage:
  Non-class:     79.45 MB used.
      Class:      8.39 MB used.
       Both:     87.84 MB used.

Virtual space:
  Non-class space:       88.00 MB reserved,      79.94 MB ( 91%) committed,  11 nodes.
      Class space:        1.00 GB reserved,       8.81 MB ( <1%) committed,  1 nodes.
             Both:        1.09 GB reserved,      88.75 MB (  8%) committed. 

Chunk freelists:
   Non-Class:  3.72 MB
       Class:  3.09 MB
        Both:  6.81 MB

MaxMetaspaceSize: unlimited
CompressedClassSpaceSize: 1.00 GB
Initial GC threshold: 21.00 MB
Current GC threshold: 147.94 MB
CDS: off
MetaspaceReclaimPolicy: balanced
 - commit_granule_bytes: 65536.
 - commit_granule_words: 8192.
 - virtual_space_node_default_size: 1048576.
 - enlarge_chunks_in_place: 1.
 - new_chunks_are_fully_committed: 0.
 - uncommit_free_chunks: 1.
 - use_allocation_guard: 0.
 - handle_deallocations: 1.


Internal statistics:

num_allocs_failed_limit: 6.
num_arena_births: 720.
num_arena_deaths: 170.
num_vsnodes_births: 12.
num_vsnodes_deaths: 0.
num_space_committed: 1420.
num_space_uncommitted: 0.
num_chunks_returned_to_freelist: 216.
num_chunks_taken_from_freelist: 4419.
num_chunk_merges: 69.
num_chunk_splits: 2705.
num_chunks_enlarged: 1573.
num_purges: 36.
num_inconsistent_stats: 0.

CodeHeap 'non-profiled nmethods': size=120064Kb used=35030Kb max_used=35030Kb free=85034Kb
 bounds [0x0000017107ac0000, 0x0000017109d00000, 0x000001710f000000]
CodeHeap 'profiled nmethods': size=120000Kb used=40218Kb max_used=40952Kb free=79781Kb
 bounds [0x0000017100590000, 0x0000017102db0000, 0x0000017107ac0000]
CodeHeap 'non-nmethods': size=5696Kb used=1475Kb max_used=1555Kb free=4220Kb
 bounds [0x0000017100000000, 0x0000017100270000, 0x0000017100590000]
 total_blobs=21153 nmethods=20354 adapters=702
 compilation: enabled
              stopped_count=0, restarted_count=0
 full_count=0

Compilation events (20 events):
Event: 15054.768 Thread 0x000001717cb13b80 nmethod 35120 0x0000017109cea810 code [0x0000017109ceaa20, 0x0000017109ceb020]
Event: 15055.323 Thread 0x000001717cb71f00 35121   !   3       org.eclipse.jdt.internal.core.util.PublicScanner::getNextToken (3997 bytes)
Event: 15055.358 Thread 0x000001717cb71f00 nmethod 35121 0x00000171023f9710 code [0x00000171023fa580, 0x00000171024038a8]
Event: 15057.592 Thread 0x000001717cb71f00 35122       3       org.eclipse.jdt.internal.core.util.Util::getProblemArgumentsForMarker (80 bytes)
Event: 15057.594 Thread 0x000001717cb71f00 nmethod 35122 0x0000017101359110 code [0x0000017101359380, 0x0000017101359e88]
Event: 15058.518 Thread 0x000001717cb71f00 35123       3       org.eclipse.jdt.internal.compiler.parser.Parser::consumeLocalVariableDeclarationStatement (374 bytes)
Event: 15058.522 Thread 0x000001717cb71f00 nmethod 35123 0x0000017102b1b410 code [0x0000017102b1b760, 0x0000017102b1d0c8]
Event: 15058.638 Thread 0x000001717cb13b80 35124   !   4       org.eclipse.jdt.internal.core.util.PublicScanner::getNextToken (3997 bytes)
Event: 15060.043 Thread 0x000001717cb13b80 nmethod 35124 0x0000017109ceb690 code [0x0000017109cec0c0, 0x0000017109cf1790]
Event: 15060.044 Thread 0x000001717cb13b80 35125       4       org.eclipse.jdt.internal.compiler.problem.ProblemHandler::handle (22 bytes)
Event: 15060.046 Thread 0x000001717cb13b80 nmethod 35125 0x0000017109cf4c90 code [0x0000017109cf4e20, 0x0000017109cf4f48]
Event: 15064.434 Thread 0x000001717cb13b80 35126       4       org.eclipse.text.edits.MultiTextEdit::getLength (76 bytes)
Event: 15064.444 Thread 0x000001717cb13b80 nmethod 35126 0x0000017109cf5090 code [0x0000017109cf5240, 0x0000017109cf54d8]
Event: 15077.965 Thread 0x000001717cb71f00 35127   !   3       org.eclipse.jdt.internal.compiler.parser.Scanner::jumpOverMethodBody (2085 bytes)
Event: 15077.984 Thread 0x000001717cb71f00 nmethod 35127 0x000001710229c690 code [0x000001710229ce60, 0x00000171022a2b18]
Event: 15080.080 Thread 0x000001717cb71f00 35128       3       org.eclipse.jdt.internal.codeassist.SelectionEngine$1Visitor::visit (50 bytes)
Event: 15080.086 Thread 0x000001717cb71f00 nmethod 35128 0x0000017100b4d310 code [0x0000017100b4d4e0, 0x0000017100b4da18]
Event: 15080.153 Thread 0x000001717cb13b80 35129   !   4       org.eclipse.jdt.internal.compiler.parser.Scanner::jumpOverMethodBody (2085 bytes)
Event: 15080.311 Thread 0x000001717cb71f00 35130       3       org.eclipse.jdt.internal.core.SearchableEnvironment::convertSearchFilterToModelFilter (59 bytes)
Event: 15080.311 Thread 0x000001717cb71f00 nmethod 35130 0x0000017102c36090 code [0x0000017102c36260, 0x0000017102c36538]

GC Heap History (20 events):
Event: 15080.051 GC heap before
{Heap before GC invocations=39903 (full 666):
 PSYoungGen      total 3584K, used 3584K [0x00000000eab00000, 0x00000000eb000000, 0x0000000100000000)
  eden space 3072K, 100% used [0x00000000eab00000,0x00000000eae00000,0x00000000eae00000)
  from space 512K, 100% used [0x00000000eaf80000,0x00000000eb000000,0x00000000eb000000)
  to   space 1024K, 0% used [0x00000000eae00000,0x00000000eae00000,0x00000000eaf00000)
 ParOldGen       total 221184K, used 170484K [0x00000000c0000000, 0x00000000cd800000, 0x00000000eab00000)
  object space 221184K, 77% used [0x00000000c0000000,0x00000000ca67d188,0x00000000cd800000)
 Metaspace       used 89949K, committed 90880K, reserved 1138688K
  class space    used 8596K, committed 9024K, reserved 1048576K
}
Event: 15080.055 GC heap after
{Heap after GC invocations=39903 (full 666):
 PSYoungGen      total 4096K, used 224K [0x00000000eab00000, 0x00000000eb000000, 0x0000000100000000)
  eden space 3072K, 0% used [0x00000000eab00000,0x00000000eab00000,0x00000000eae00000)
  from space 1024K, 21% used [0x00000000eae00000,0x00000000eae38000,0x00000000eaf00000)
  to   space 512K, 0% used [0x00000000eaf80000,0x00000000eaf80000,0x00000000eb000000)
 ParOldGen       total 221184K, used 170941K [0x00000000c0000000, 0x00000000cd800000, 0x00000000eab00000)
  object space 221184K, 77% used [0x00000000c0000000,0x00000000ca6ef748,0x00000000cd800000)
 Metaspace       used 89949K, committed 90880K, reserved 1138688K
  class space    used 8596K, committed 9024K, reserved 1048576K
}
Event: 15080.081 GC heap before
{Heap before GC invocations=39904 (full 666):
 PSYoungGen      total 4096K, used 3296K [0x00000000eab00000, 0x00000000eb000000, 0x0000000100000000)
  eden space 3072K, 100% used [0x00000000eab00000,0x00000000eae00000,0x00000000eae00000)
  from space 1024K, 21% used [0x00000000eae00000,0x00000000eae38000,0x00000000eaf00000)
  to   space 512K, 0% used [0x00000000eaf80000,0x00000000eaf80000,0x00000000eb000000)
 ParOldGen       total 221184K, used 170941K [0x00000000c0000000, 0x00000000cd800000, 0x00000000eab00000)
  object space 221184K, 77% used [0x00000000c0000000,0x00000000ca6ef748,0x00000000cd800000)
 Metaspace       used 89950K, committed 90880K, reserved 1138688K
  class space    used 8596K, committed 9024K, reserved 1048576K
}
Event: 15080.086 GC heap after
{Heap after GC invocations=39904 (full 666):
 PSYoungGen      total 4096K, used 512K [0x00000000eab00000, 0x00000000eb100000, 0x0000000100000000)
  eden space 3584K, 0% used [0x00000000eab00000,0x00000000eab00000,0x00000000eae80000)
  from space 512K, 100% used [0x00000000eaf80000,0x00000000eb000000,0x00000000eb000000)
  to   space 1024K, 0% used [0x00000000eae80000,0x00000000eae80000,0x00000000eaf80000)
 ParOldGen       total 221184K, used 171141K [0x00000000c0000000, 0x00000000cd800000, 0x00000000eab00000)
  object space 221184K, 77% used [0x00000000c0000000,0x00000000ca721768,0x00000000cd800000)
 Metaspace       used 89950K, committed 90880K, reserved 1138688K
  class space    used 8596K, committed 9024K, reserved 1048576K
}
Event: 15080.119 GC heap before
{Heap before GC invocations=39905 (full 666):
 PSYoungGen      total 4096K, used 4096K [0x00000000eab00000, 0x00000000eb100000, 0x0000000100000000)
  eden space 3584K, 100% used [0x00000000eab00000,0x00000000eae80000,0x00000000eae80000)
  from space 512K, 100% used [0x00000000eaf80000,0x00000000eb000000,0x00000000eb000000)
  to   space 1024K, 0% used [0x00000000eae80000,0x00000000eae80000,0x00000000eaf80000)
 ParOldGen       total 221184K, used 171141K [0x00000000c0000000, 0x00000000cd800000, 0x00000000eab00000)
  object space 221184K, 77% used [0x00000000c0000000,0x00000000ca721768,0x00000000cd800000)
 Metaspace       used 89950K, committed 90880K, reserved 1138688K
  class space    used 8596K, committed 9024K, reserved 1048576K
}
Event: 15080.127 GC heap after
{Heap after GC invocations=39905 (full 666):
 PSYoungGen      total 4608K, used 896K [0x00000000eab00000, 0x00000000eb180000, 0x0000000100000000)
  eden space 3584K, 0% used [0x00000000eab00000,0x00000000eab00000,0x00000000eae80000)
  from space 1024K, 87% used [0x00000000eae80000,0x00000000eaf60000,0x00000000eaf80000)
  to   space 1024K, 0% used [0x00000000eb080000,0x00000000eb080000,0x00000000eb180000)
 ParOldGen       total 221184K, used 171658K [0x00000000c0000000, 0x00000000cd800000, 0x00000000eab00000)
  object space 221184K, 77% used [0x00000000c0000000,0x00000000ca7a2be8,0x00000000cd800000)
 Metaspace       used 89950K, committed 90880K, reserved 1138688K
  class space    used 8596K, committed 9024K, reserved 1048576K
}
Event: 15080.144 GC heap before
{Heap before GC invocations=39906 (full 666):
 PSYoungGen      total 4608K, used 4480K [0x00000000eab00000, 0x00000000eb180000, 0x0000000100000000)
  eden space 3584K, 100% used [0x00000000eab00000,0x00000000eae80000,0x00000000eae80000)
  from space 1024K, 87% used [0x00000000eae80000,0x00000000eaf60000,0x00000000eaf80000)
  to   space 1024K, 0% used [0x00000000eb080000,0x00000000eb080000,0x00000000eb180000)
 ParOldGen       total 221184K, used 171658K [0x00000000c0000000, 0x00000000cd800000, 0x00000000eab00000)
  object space 221184K, 77% used [0x00000000c0000000,0x00000000ca7a2be8,0x00000000cd800000)
 Metaspace       used 89950K, committed 90880K, reserved 1138688K
  class space    used 8596K, committed 9024K, reserved 1048576K
}
Event: 15080.151 GC heap after
{Heap after GC invocations=39906 (full 666):
 PSYoungGen      total 5120K, used 1024K [0x00000000eab00000, 0x00000000eb280000, 0x0000000100000000)
  eden space 4096K, 0% used [0x00000000eab00000,0x00000000eab00000,0x00000000eaf00000)
  from space 1024K, 100% used [0x00000000eb080000,0x00000000eb180000,0x00000000eb180000)
  to   space 1536K, 0% used [0x00000000eaf00000,0x00000000eaf00000,0x00000000eb080000)
 ParOldGen       total 221184K, used 171939K [0x00000000c0000000, 0x00000000cd800000, 0x00000000eab00000)
  object space 221184K, 77% used [0x00000000c0000000,0x00000000ca7e8c08,0x00000000cd800000)
 Metaspace       used 89950K, committed 90880K, reserved 1138688K
  class space    used 8596K, committed 9024K, reserved 1048576K
}
Event: 15080.202 GC heap before
{Heap before GC invocations=39907 (full 666):
 PSYoungGen      total 5120K, used 5120K [0x00000000eab00000, 0x00000000eb280000, 0x0000000100000000)
  eden space 4096K, 100% used [0x00000000eab00000,0x00000000eaf00000,0x00000000eaf00000)
  from space 1024K, 100% used [0x00000000eb080000,0x00000000eb180000,0x00000000eb180000)
  to   space 1536K, 0% used [0x00000000eaf00000,0x00000000eaf00000,0x00000000eb080000)
 ParOldGen       total 221184K, used 171939K [0x00000000c0000000, 0x00000000cd800000, 0x00000000eab00000)
  object space 221184K, 77% used [0x00000000c0000000,0x00000000ca7e8c08,0x00000000cd800000)
 Metaspace       used 89950K, committed 90880K, reserved 1138688K
  class space    used 8596K, committed 9024K, reserved 1048576K
}
Event: 15080.207 GC heap after
{Heap after GC invocations=39907 (full 666):
 PSYoungGen      total 5632K, used 64K [0x00000000eab00000, 0x00000000eb200000, 0x0000000100000000)
  eden space 4096K, 0% used [0x00000000eab00000,0x00000000eab00000,0x00000000eaf00000)
  from space 1536K, 4% used [0x00000000eaf00000,0x00000000eaf10000,0x00000000eb080000)
  to   space 1024K, 0% used [0x00000000eb100000,0x00000000eb100000,0x00000000eb200000)
 ParOldGen       total 221184K, used 172947K [0x00000000c0000000, 0x00000000cd800000, 0x00000000eab00000)
  object space 221184K, 78% used [0x00000000c0000000,0x00000000ca8e4c08,0x00000000cd800000)
 Metaspace       used 89950K, committed 90880K, reserved 1138688K
  class space    used 8596K, committed 9024K, reserved 1048576K
}
Event: 15080.301 GC heap before
{Heap before GC invocations=39908 (full 666):
 PSYoungGen      total 5632K, used 4160K [0x00000000eab00000, 0x00000000eb200000, 0x0000000100000000)
  eden space 4096K, 100% used [0x00000000eab00000,0x00000000eaf00000,0x00000000eaf00000)
  from space 1536K, 4% used [0x00000000eaf00000,0x00000000eaf10000,0x00000000eb080000)
  to   space 1024K, 0% used [0x00000000eb100000,0x00000000eb100000,0x00000000eb200000)
 ParOldGen       total 221184K, used 172947K [0x00000000c0000000, 0x00000000cd800000, 0x00000000eab00000)
  object space 221184K, 78% used [0x00000000c0000000,0x00000000ca8e4c08,0x00000000cd800000)
 Metaspace       used 89950K, committed 90880K, reserved 1138688K
  class space    used 8596K, committed 9024K, reserved 1048576K
}
Event: 15080.304 GC heap after
{Heap after GC invocations=39908 (full 666):
 PSYoungGen      total 4608K, used 432K [0x00000000eab00000, 0x00000000eb180000, 0x0000000100000000)
  eden space 4096K, 0% used [0x00000000eab00000,0x00000000eab00000,0x00000000eaf00000)
  from space 512K, 84% used [0x00000000eb100000,0x00000000eb16c010,0x00000000eb180000)
  to   space 512K, 0% used [0x00000000eb080000,0x00000000eb080000,0x00000000eb100000)
 ParOldGen       total 221184K, used 172963K [0x00000000c0000000, 0x00000000cd800000, 0x00000000eab00000)
  object space 221184K, 78% used [0x00000000c0000000,0x00000000ca8e8c08,0x00000000cd800000)
 Metaspace       used 89950K, committed 90880K, reserved 1138688K
  class space    used 8596K, committed 9024K, reserved 1048576K
}
Event: 15080.398 GC heap before
{Heap before GC invocations=39909 (full 666):
 PSYoungGen      total 4608K, used 4528K [0x00000000eab00000, 0x00000000eb180000, 0x0000000100000000)
  eden space 4096K, 100% used [0x00000000eab00000,0x00000000eaf00000,0x00000000eaf00000)
  from space 512K, 84% used [0x00000000eb100000,0x00000000eb16c010,0x00000000eb180000)
  to   space 512K, 0% used [0x00000000eb080000,0x00000000eb080000,0x00000000eb100000)
 ParOldGen       total 221184K, used 172963K [0x00000000c0000000, 0x00000000cd800000, 0x00000000eab00000)
  object space 221184K, 78% used [0x00000000c0000000,0x00000000ca8e8c08,0x00000000cd800000)
 Metaspace       used 89950K, committed 90880K, reserved 1138688K
  class space    used 8596K, committed 9024K, reserved 1048576K
}
Event: 15080.402 GC heap after
{Heap after GC invocations=39909 (full 666):
 PSYoungGen      total 4608K, used 496K [0x00000000eab00000, 0x00000000eb180000, 0x0000000100000000)
  eden space 4096K, 0% used [0x00000000eab00000,0x00000000eab00000,0x00000000eaf00000)
  from space 512K, 96% used [0x00000000eb080000,0x00000000eb0fc010,0x00000000eb100000)
  to   space 512K, 0% used [0x00000000eb100000,0x00000000eb100000,0x00000000eb180000)
 ParOldGen       total 221184K, used 173091K [0x00000000c0000000, 0x00000000cd800000, 0x00000000eab00000)
  object space 221184K, 78% used [0x00000000c0000000,0x00000000ca908c08,0x00000000cd800000)
 Metaspace       used 89950K, committed 90880K, reserved 1138688K
  class space    used 8596K, committed 9024K, reserved 1048576K
}
Event: 15080.488 GC heap before
{Heap before GC invocations=39910 (full 666):
 PSYoungGen      total 4608K, used 4592K [0x00000000eab00000, 0x00000000eb180000, 0x0000000100000000)
  eden space 4096K, 100% used [0x00000000eab00000,0x00000000eaf00000,0x00000000eaf00000)
  from space 512K, 96% used [0x00000000eb080000,0x00000000eb0fc010,0x00000000eb100000)
  to   space 512K, 0% used [0x00000000eb100000,0x00000000eb100000,0x00000000eb180000)
 ParOldGen       total 221184K, used 173091K [0x00000000c0000000, 0x00000000cd800000, 0x00000000eab00000)
  object space 221184K, 78% used [0x00000000c0000000,0x00000000ca908c08,0x00000000cd800000)
 Metaspace       used 89950K, committed 90880K, reserved 1138688K
  class space    used 8596K, committed 9024K, reserved 1048576K
}
Event: 15080.493 GC heap after
{Heap after GC invocations=39910 (full 666):
 PSYoungGen      total 4608K, used 512K [0x00000000eab00000, 0x00000000eb200000, 0x0000000100000000)
  eden space 4096K, 0% used [0x00000000eab00000,0x00000000eab00000,0x00000000eaf00000)
  from space 512K, 100% used [0x00000000eb100000,0x00000000eb180000,0x00000000eb180000)
  to   space 1536K, 0% used [0x00000000eaf00000,0x00000000eaf00000,0x00000000eb080000)
 ParOldGen       total 221184K, used 173803K [0x00000000c0000000, 0x00000000cd800000, 0x00000000eab00000)
  object space 221184K, 78% used [0x00000000c0000000,0x00000000ca9bac28,0x00000000cd800000)
 Metaspace       used 89950K, committed 90880K, reserved 1138688K
  class space    used 8596K, committed 9024K, reserved 1048576K
}
Event: 15080.622 GC heap before
{Heap before GC invocations=39911 (full 666):
 PSYoungGen      total 4608K, used 4608K [0x00000000eab00000, 0x00000000eb200000, 0x0000000100000000)
  eden space 4096K, 100% used [0x00000000eab00000,0x00000000eaf00000,0x00000000eaf00000)
  from space 512K, 100% used [0x00000000eb100000,0x00000000eb180000,0x00000000eb180000)
  to   space 1536K, 0% used [0x00000000eaf00000,0x00000000eaf00000,0x00000000eb080000)
 ParOldGen       total 221184K, used 173803K [0x00000000c0000000, 0x00000000cd800000, 0x00000000eab00000)
  object space 221184K, 78% used [0x00000000c0000000,0x00000000ca9bac28,0x00000000cd800000)
 Metaspace       used 89950K, committed 90880K, reserved 1138688K
  class space    used 8596K, committed 9024K, reserved 1048576K
}
Event: 15080.627 GC heap after
{Heap after GC invocations=39911 (full 666):
 PSYoungGen      total 5632K, used 448K [0x00000000eab00000, 0x00000000eb180000, 0x0000000100000000)
  eden space 4096K, 0% used [0x00000000eab00000,0x00000000eab00000,0x00000000eaf00000)
  from space 1536K, 29% used [0x00000000eaf00000,0x00000000eaf70000,0x00000000eb080000)
  to   space 1024K, 0% used [0x00000000eb080000,0x00000000eb080000,0x00000000eb180000)
 ParOldGen       total 221184K, used 174323K [0x00000000c0000000, 0x00000000cd800000, 0x00000000eab00000)
  object space 221184K, 78% used [0x00000000c0000000,0x00000000caa3cf18,0x00000000cd800000)
 Metaspace       used 89950K, committed 90880K, reserved 1138688K
  class space    used 8596K, committed 9024K, reserved 1048576K
}
Event: 15080.800 GC heap before
{Heap before GC invocations=39912 (full 666):
 PSYoungGen      total 5632K, used 4544K [0x00000000eab00000, 0x00000000eb180000, 0x0000000100000000)
  eden space 4096K, 100% used [0x00000000eab00000,0x00000000eaf00000,0x00000000eaf00000)
  from space 1536K, 29% used [0x00000000eaf00000,0x00000000eaf70000,0x00000000eb080000)
  to   space 1024K, 0% used [0x00000000eb080000,0x00000000eb080000,0x00000000eb180000)
 ParOldGen       total 221184K, used 174323K [0x00000000c0000000, 0x00000000cd800000, 0x00000000eab00000)
  object space 221184K, 78% used [0x00000000c0000000,0x00000000caa3cf18,0x00000000cd800000)
 Metaspace       used 89950K, committed 90880K, reserved 1138688K
  class space    used 8596K, committed 9024K, reserved 1048576K
}
Event: 15080.805 GC heap after
{Heap after GC invocations=39912 (full 666):
 PSYoungGen      total 5120K, used 624K [0x00000000eab00000, 0x00000000eb180000, 0x0000000100000000)
  eden space 4096K, 0% used [0x00000000eab00000,0x00000000eab00000,0x00000000eaf00000)
  from space 1024K, 60% used [0x00000000eb080000,0x00000000eb11c010,0x00000000eb180000)
  to   space 1024K, 0% used [0x00000000eaf80000,0x00000000eaf80000,0x00000000eb080000)
 ParOldGen       total 221184K, used 174409K [0x00000000c0000000, 0x00000000cd800000, 0x00000000eab00000)
  object space 221184K, 78% used [0x00000000c0000000,0x00000000caa527b8,0x00000000cd800000)
 Metaspace       used 89950K, committed 90880K, reserved 1138688K
  class space    used 8596K, committed 9024K, reserved 1048576K
}

Deoptimization events (20 events):
Event: 15077.965 Thread 0x000001711eb970a0 DEOPT PACKING pc=0x00000171085ad7ec sp=0x000000505bbfece0
Event: 15077.965 Thread 0x000001711eb970a0 DEOPT UNPACKING pc=0x000001710005209e sp=0x000000505bbfec90 mode 2
Event: 15078.652 Thread 0x000001711eb953c0 DEOPT PACKING pc=0x00000171022a1c09 sp=0x000000505bafec80
Event: 15078.652 Thread 0x000001711eb953c0 DEOPT UNPACKING pc=0x0000017100052825 sp=0x000000505bafe178 mode 0
Event: 15079.569 Thread 0x000001710fecf100 DEOPT PACKING pc=0x00000171022a1d7d sp=0x000000505bafeaa0
Event: 15079.569 Thread 0x000001710fecf100 DEOPT UNPACKING pc=0x0000017100052825 sp=0x000000505bafdf90 mode 0
Event: 15079.903 Thread 0x000001710f1bcbd0 DEOPT PACKING pc=0x00000171022a1d7d sp=0x000000505adfe190
Event: 15079.903 Thread 0x000001710f1bcbd0 DEOPT UNPACKING pc=0x0000017100052825 sp=0x000000505adfd680 mode 0
Event: 15080.021 Thread 0x000001710fece760 DEOPT PACKING pc=0x00000171022a1d7d sp=0x000000505bafe5d0
Event: 15080.021 Thread 0x000001710fece760 DEOPT UNPACKING pc=0x0000017100052825 sp=0x000000505bafdac0 mode 0
Event: 15080.160 Thread 0x000001710fc9efb0 DEOPT PACKING pc=0x00000171022a1c09 sp=0x000000505aefed20
Event: 15080.160 Thread 0x000001710fc9efb0 DEOPT UNPACKING pc=0x0000017100052825 sp=0x000000505aefe218 mode 0
Event: 15080.420 Thread 0x000001710fc9efb0 DEOPT PACKING pc=0x00000171022a1c09 sp=0x000000505aefee40
Event: 15080.420 Thread 0x000001710fc9efb0 DEOPT UNPACKING pc=0x0000017100052825 sp=0x000000505aefe338 mode 0
Event: 15080.509 Thread 0x000001710f1baef0 DEOPT PACKING pc=0x00000171022a1d7d sp=0x000000505b3feda0
Event: 15080.509 Thread 0x000001710f1baef0 DEOPT UNPACKING pc=0x0000017100052825 sp=0x000000505b3fe290 mode 0
Event: 15080.730 Thread 0x000001711eb92870 DEOPT PACKING pc=0x00000171022a1d7d sp=0x00000050595fdb30
Event: 15080.731 Thread 0x000001711eb92870 DEOPT UNPACKING pc=0x0000017100052825 sp=0x00000050595fd020 mode 0
Event: 15080.788 Thread 0x000001710fecf100 DEOPT PACKING pc=0x0000017102973bcc sp=0x000000505bafec70
Event: 15080.788 Thread 0x000001710fecf100 DEOPT UNPACKING pc=0x0000017100052825 sp=0x000000505bafe138 mode 0

Classes unloaded (20 events):
Event: 5120.342 Thread 0x000001717cac6c00 Unloading class 0x0000000100864400 'jdk/internal/reflect/GeneratedConstructorAccessor58'
Event: 6079.345 Thread 0x000001717cac6c00 Unloading class 0x00000001008c0000 'jdk/internal/reflect/GeneratedConstructorAccessor73'
Event: 6079.345 Thread 0x000001717cac6c00 Unloading class 0x0000000100864000 'jdk/internal/reflect/GeneratedConstructorAccessor57'
Event: 6088.785 Thread 0x000001717cac6c00 Unloading class 0x00000001008c1000 'jdk/internal/reflect/GeneratedConstructorAccessor77'
Event: 6088.785 Thread 0x000001717cac6c00 Unloading class 0x000000010087a000 'jdk/internal/reflect/GeneratedMethodAccessor23'
Event: 6088.785 Thread 0x000001717cac6c00 Unloading class 0x000000010070c400 'jdk/internal/reflect/GeneratedSerializationConstructorAccessor6'
Event: 6088.785 Thread 0x000001717cac6c00 Unloading class 0x000000010070c000 'jdk/internal/reflect/GeneratedSerializationConstructorAccessor5'
Event: 6088.785 Thread 0x000001717cac6c00 Unloading class 0x00000001006f9c00 'jdk/internal/reflect/GeneratedSerializationConstructorAccessor4'
Event: 7169.906 Thread 0x000001717cac6c00 Unloading class 0x0000000100888400 'jdk/internal/reflect/GeneratedConstructorAccessor70'
Event: 7169.906 Thread 0x000001717cac6c00 Unloading class 0x0000000100888000 'jdk/internal/reflect/GeneratedConstructorAccessor69'
Event: 7169.906 Thread 0x000001717cac6c00 Unloading class 0x000000010087ac00 'jdk/internal/reflect/GeneratedConstructorAccessor68'
Event: 7169.906 Thread 0x000001717cac6c00 Unloading class 0x000000010087a800 'jdk/internal/reflect/GeneratedConstructorAccessor67'
Event: 7169.906 Thread 0x000001717cac6c00 Unloading class 0x000000010087a400 'jdk/internal/reflect/GeneratedConstructorAccessor66'
Event: 8335.186 Thread 0x000001717cac6c00 Unloading class 0x000000010087a400 'jdk/internal/reflect/GeneratedConstructorAccessor82'
Event: 9767.155 Thread 0x000001717cac6c00 Unloading class 0x00000001008d1000 'jdk/internal/reflect/GeneratedConstructorAccessor81'
Event: 11344.995 Thread 0x000001717cac6c00 Unloading class 0x00000001008e5000 'jdk/internal/reflect/GeneratedConstructorAccessor88'
Event: 12012.938 Thread 0x000001717cac6c00 Unloading class 0x00000001008e7400 'jdk/internal/reflect/GeneratedConstructorAccessor96'
Event: 12367.720 Thread 0x000001717cac6c00 Unloading class 0x00000001008e8400 'jdk/internal/reflect/GeneratedConstructorAccessor99'
Event: 14421.427 Thread 0x000001717cac6c00 Unloading class 0x00000001008e5000 'jdk/internal/reflect/GeneratedConstructorAccessor97'
Event: 14474.867 Thread 0x000001717cac6c00 Unloading class 0x00000001008e8000 'jdk/internal/reflect/GeneratedConstructorAccessor98'

Classes redefined (0 events):
No events

Internal exceptions (20 events):
Event: 15044.213 Thread 0x000001710f1baef0 Exception <a 'sun/nio/fs/WindowsException'{0x00000000eae99070}> (0x00000000eae99070) 
thrown [e:\jenkins\tmp\workspace\build\src\src\hotspot\share\prims\jni.cpp, line 516]
Event: 15046.748 Thread 0x000001710f1baef0 Exception <a 'sun/nio/fs/WindowsException'{0x00000000eac51f88}> (0x00000000eac51f88) 
thrown [e:\jenkins\tmp\workspace\build\src\src\hotspot\share\prims\jni.cpp, line 516]
Event: 15047.435 Thread 0x000001710f1baef0 Exception <a 'sun/nio/fs/WindowsException'{0x00000000eab947e0}> (0x00000000eab947e0) 
thrown [e:\jenkins\tmp\workspace\build\src\src\hotspot\share\prims\jni.cpp, line 516]
Event: 15054.639 Thread 0x000001710f1baef0 Exception <a 'sun/nio/fs/WindowsException'{0x00000000eafa4138}> (0x00000000eafa4138) 
thrown [e:\jenkins\tmp\workspace\build\src\src\hotspot\share\prims\jni.cpp, line 516]
Event: 15055.172 Thread 0x000001710f1baef0 Exception <a 'sun/nio/fs/WindowsException'{0x00000000eab86d80}> (0x00000000eab86d80) 
thrown [e:\jenkins\tmp\workspace\build\src\src\hotspot\share\prims\jni.cpp, line 516]
Event: 15058.564 Thread 0x0000017111d87410 Exception <a 'java/lang/ClassNotFoundException'{0x00000000eac6bf60}: sun/net/www/protocol/jdt/Handler> (0x00000000eac6bf60) 
thrown [e:\jenkins\tmp\workspace\build\src\src\hotspot\share\classfile\systemDictionary.cpp, line 256]
Event: 15058.564 Thread 0x0000017111d87410 Exception <a 'java/lang/ClassNotFoundException'{0x00000000eac782e0}: sun/net/www/protocol/jdt/Handler> (0x00000000eac782e0) 
thrown [e:\jenkins\tmp\workspace\build\src\src\hotspot\share\classfile\systemDictionary.cpp, line 256]
Event: 15059.524 Thread 0x000001710fc9efb0 Exception <a 'sun/nio/fs/WindowsException'{0x00000000eab0a128}> (0x00000000eab0a128) 
thrown [e:\jenkins\tmp\workspace\build\src\src\hotspot\share\prims\jni.cpp, line 516]
Event: 15059.609 Thread 0x000001710fc9efb0 Exception <a 'sun/nio/fs/WindowsException'{0x00000000eaeea6e0}> (0x00000000eaeea6e0) 
thrown [e:\jenkins\tmp\workspace\build\src\src\hotspot\share\prims\jni.cpp, line 516]
Event: 15059.757 Thread 0x000001710f1baef0 Exception <a 'sun/nio/fs/WindowsException'{0x00000000eaf73878}> (0x00000000eaf73878) 
thrown [e:\jenkins\tmp\workspace\build\src\src\hotspot\share\prims\jni.cpp, line 516]
Event: 15060.477 Thread 0x000001710f1baef0 Exception <a 'sun/nio/fs/WindowsException'{0x00000000eac3b238}> (0x00000000eac3b238) 
thrown [e:\jenkins\tmp\workspace\build\src\src\hotspot\share\prims\jni.cpp, line 516]
Event: 15060.546 Thread 0x00000171116c2fe0 Exception <a 'java/lang/ClassNotFoundException'{0x00000000eae0bd40}: sun/net/www/protocol/jdt/Handler> (0x00000000eae0bd40) 
thrown [e:\jenkins\tmp\workspace\build\src\src\hotspot\share\classfile\systemDictionary.cpp, line 256]
Event: 15064.449 Thread 0x00000171116c0490 Exception <a 'java/lang/ClassNotFoundException'{0x00000000eaf67b00}: sun/net/www/protocol/jdt/Handler> (0x00000000eaf67b00) 
thrown [e:\jenkins\tmp\workspace\build\src\src\hotspot\share\classfile\systemDictionary.cpp, line 256]
Event: 15064.449 Thread 0x00000171116c0490 Exception <a 'java/lang/ClassNotFoundException'{0x00000000eaf69c30}: sun/net/www/protocol/jdt/Handler> (0x00000000eaf69c30) 
thrown [e:\jenkins\tmp\workspace\build\src\src\hotspot\share\classfile\systemDictionary.cpp, line 256]
Event: 15067.155 Thread 0x000001710f1baef0 Exception <a 'sun/nio/fs/WindowsException'{0x00000000eac5eee0}> (0x00000000eac5eee0) 
thrown [e:\jenkins\tmp\workspace\build\src\src\hotspot\share\prims\jni.cpp, line 516]
Event: 15068.377 Thread 0x000001710f1baef0 Exception <a 'sun/nio/fs/WindowsException'{0x00000000eacdd178}> (0x00000000eacdd178) 
thrown [e:\jenkins\tmp\workspace\build\src\src\hotspot\share\prims\jni.cpp, line 516]
Event: 15071.882 Thread 0x000001710f1baef0 Exception <a 'sun/nio/fs/WindowsException'{0x00000000eaeab4a8}> (0x00000000eaeab4a8) 
thrown [e:\jenkins\tmp\workspace\build\src\src\hotspot\share\prims\jni.cpp, line 516]
Event: 15072.402 Thread 0x000001710f1baef0 Exception <a 'sun/nio/fs/WindowsException'{0x00000000eacdfe40}> (0x00000000eacdfe40) 
thrown [e:\jenkins\tmp\workspace\build\src\src\hotspot\share\prims\jni.cpp, line 516]
Event: 15077.748 Thread 0x000001710f1baef0 Exception <a 'sun/nio/fs/WindowsException'{0x00000000ead64cd0}> (0x00000000ead64cd0) 
thrown [e:\jenkins\tmp\workspace\build\src\src\hotspot\share\prims\jni.cpp, line 516]
Event: 15078.631 Thread 0x000001710f1baef0 Exception <a 'sun/nio/fs/WindowsException'{0x00000000eab04640}> (0x00000000eab04640) 
thrown [e:\jenkins\tmp\workspace\build\src\src\hotspot\share\prims\jni.cpp, line 516]

VM Operations (20 events):
Event: 15080.051 Executing VM operation: ParallelGCFailedAllocation
Event: 15080.055 Executing VM operation: ParallelGCFailedAllocation done
Event: 15080.080 Executing VM operation: ParallelGCFailedAllocation
Event: 15080.086 Executing VM operation: ParallelGCFailedAllocation done
Event: 15080.109 Executing VM operation: ParallelGCFailedAllocation
Event: 15080.127 Executing VM operation: ParallelGCFailedAllocation done
Event: 15080.144 Executing VM operation: ParallelGCFailedAllocation
Event: 15080.151 Executing VM operation: ParallelGCFailedAllocation done
Event: 15080.202 Executing VM operation: ParallelGCFailedAllocation
Event: 15080.208 Executing VM operation: ParallelGCFailedAllocation done
Event: 15080.301 Executing VM operation: ParallelGCFailedAllocation
Event: 15080.306 Executing VM operation: ParallelGCFailedAllocation done
Event: 15080.398 Executing VM operation: ParallelGCFailedAllocation
Event: 15080.402 Executing VM operation: ParallelGCFailedAllocation done
Event: 15080.487 Executing VM operation: ParallelGCFailedAllocation
Event: 15080.493 Executing VM operation: ParallelGCFailedAllocation done
Event: 15080.622 Executing VM operation: ParallelGCFailedAllocation
Event: 15080.627 Executing VM operation: ParallelGCFailedAllocation done
Event: 15080.800 Executing VM operation: ParallelGCFailedAllocation
Event: 15080.805 Executing VM operation: ParallelGCFailedAllocation done

Events (20 events):
Event: 15078.630 Thread 0x000001710fece760 Thread added: 0x000001710fece760
Event: 15078.641 Thread 0x000001711eb96230 Thread exited: 0x000001711eb96230
Event: 15078.653 Thread 0x000001711eb93210 Thread exited: 0x000001711eb93210
Event: 15078.671 Thread 0x000001710fecf100 Thread added: 0x000001710fecf100
Event: 15079.259 Thread 0x000001710fece760 Thread exited: 0x000001710fece760
Event: 15079.288 Thread 0x000001711eb953c0 Thread exited: 0x000001711eb953c0
Event: 15079.303 Thread 0x000001711eb96bd0 Thread exited: 0x000001711eb96bd0
Event: 15079.309 Thread 0x000001710fecf100 Thread exited: 0x000001710fecf100
Event: 15079.429 Thread 0x000001710fecf100 Thread added: 0x000001710fecf100
Event: 15079.463 Thread 0x000001710fecf100 Thread exited: 0x000001710fecf100
Event: 15079.513 Thread 0x000001710fecf100 Thread added: 0x000001710fecf100
Event: 15079.594 Thread 0x000001710fecf100 Thread exited: 0x000001710fecf100
Event: 15079.600 Thread 0x000001710fece760 Thread added: 0x000001710fece760
Event: 15079.612 Thread 0x000001710fece760 Thread exited: 0x000001710fece760
Event: 15079.993 Thread 0x000001710fece760 Thread added: 0x000001710fece760
Event: 15080.096 Thread 0x000001710fecc5b0 Thread added: 0x000001710fecc5b0
Event: 15080.096 Thread 0x000001710fece760 Thread exited: 0x000001710fece760
Event: 15080.318 Thread 0x000001710fecc5b0 Thread exited: 0x000001710fecc5b0
Event: 15080.734 Thread 0x000001710fecf100 Thread added: 0x000001710fecf100
Event: 15080.831 Thread 0x000001710fecf100 Thread exited: 0x000001710fecf100


Dynamic libraries:
0x00007ff6a12b0000 - 0x00007ff6a12be000 	c:\Users\asus\.vscode\extensions\redhat.java-1.7.0-win32-x64\jre\17.0.3-win32-x86_64\bin\java.exe
0x00007ffcbf9b0000 - 0x00007ffcbfba5000 	C:\WINDOWS\SYSTEM32\ntdll.dll
0x00007ffcbf660000 - 0x00007ffcbf71d000 	C:\WINDOWS\System32\KERNEL32.DLL
0x00007ffcbd570000 - 0x00007ffcbd83d000 	C:\WINDOWS\System32\KERNELBASE.dll
0x00007ffcbd470000 - 0x00007ffcbd570000 	C:\WINDOWS\System32\ucrtbase.dll
0x00007ffc9c430000 - 0x00007ffc9c448000 	c:\Users\asus\.vscode\extensions\redhat.java-1.7.0-win32-x64\jre\17.0.3-win32-x86_64\bin\jli.dll
0x00007ffcbdaa0000 - 0x00007ffcbdc40000 	C:\WINDOWS\System32\USER32.dll
0x00007ffcbd0c0000 - 0x00007ffcbd0e2000 	C:\WINDOWS\System32\win32u.dll
0x00007ffcbf810000 - 0x00007ffcbf83a000 	C:\WINDOWS\System32\GDI32.dll
0x00007ffcbd8f0000 - 0x00007ffcbd9fb000 	C:\WINDOWS\System32\gdi32full.dll
0x00007ffcbd310000 - 0x00007ffcbd3ad000 	C:\WINDOWS\System32\msvcp_win.dll
0x00007ffc9c410000 - 0x00007ffc9c429000 	c:\Users\asus\.vscode\extensions\redhat.java-1.7.0-win32-x64\jre\17.0.3-win32-x86_64\bin\VCRUNTIME140.dll
0x00007ffcaabc0000 - 0x00007ffcaae5a000 	C:\WINDOWS\WinSxS\amd64_microsoft.windows.common-controls_6595b64144ccf1df_6.0.19041.1110_none_60b5254171f9507e\COMCTL32.dll
0x00007ffcbdff0000 - 0x00007ffcbe08e000 	C:\WINDOWS\System32\msvcrt.dll
0x00007ffcbdc50000 - 0x00007ffcbdc80000 	C:\WINDOWS\System32\IMM32.DLL
0x00007ffcaa950000 - 0x00007ffcaa95c000 	c:\Users\asus\.vscode\extensions\redhat.java-1.7.0-win32-x64\jre\17.0.3-win32-x86_64\bin\vcruntime140_1.dll
0x00007ffc86d90000 - 0x00007ffc86e21000 	c:\Users\asus\.vscode\extensions\redhat.java-1.7.0-win32-x64\jre\17.0.3-win32-x86_64\bin\msvcp140.dll
0x00007ffc6cf00000 - 0x00007ffc6db48000 	c:\Users\asus\.vscode\extensions\redhat.java-1.7.0-win32-x64\jre\17.0.3-win32-x86_64\bin\server\jvm.dll
0x00007ffcbf350000 - 0x00007ffcbf3fe000 	C:\WINDOWS\System32\ADVAPI32.dll
0x00007ffcbda00000 - 0x00007ffcbda9c000 	C:\WINDOWS\System32\sechost.dll
0x00007ffcbf840000 - 0x00007ffcbf965000 	C:\WINDOWS\System32\RPCRT4.dll
0x00007ffcbdc40000 - 0x00007ffcbdc48000 	C:\WINDOWS\System32\PSAPI.DLL
0x00007ffca8720000 - 0x00007ffca8729000 	C:\WINDOWS\SYSTEM32\WSOCK32.dll
0x00007ffcbeb90000 - 0x00007ffcbebfb000 	C:\WINDOWS\System32\WS2_32.dll
0x00007ffcb0ae0000 - 0x00007ffcb0b07000 	C:\WINDOWS\SYSTEM32\WINMM.dll
0x00007ffcac340000 - 0x00007ffcac34a000 	C:\WINDOWS\SYSTEM32\VERSION.dll
0x00007ffcbafc0000 - 0x00007ffcbafd2000 	C:\WINDOWS\SYSTEM32\kernel.appcore.dll
0x00007ffca5b00000 - 0x00007ffca5b0a000 	c:\Users\asus\.vscode\extensions\redhat.java-1.7.0-win32-x64\jre\17.0.3-win32-x86_64\bin\jimage.dll
0x00007ffcb2ff0000 - 0x00007ffcb31d4000 	C:\WINDOWS\SYSTEM32\DBGHELP.DLL
0x00007ffcb2fc0000 - 0x00007ffcb2fec000 	C:\WINDOWS\SYSTEM32\dbgcore.DLL
0x00007ffcbd120000 - 0x00007ffcbd1a2000 	C:\WINDOWS\System32\bcryptPrimitives.dll
0x00007ffc998e0000 - 0x00007ffc99905000 	c:\Users\asus\.vscode\extensions\redhat.java-1.7.0-win32-x64\jre\17.0.3-win32-x86_64\bin\java.dll
0x00007ffc9c030000 - 0x00007ffc9c048000 	c:\Users\asus\.vscode\extensions\redhat.java-1.7.0-win32-x64\jre\17.0.3-win32-x86_64\bin\zip.dll
0x00007ffcbec00000 - 0x00007ffcbf344000 	C:\WINDOWS\System32\SHELL32.dll
0x00007ffcbb1c0000 - 0x00007ffcbb954000 	C:\WINDOWS\SYSTEM32\windows.storage.dll
0x00007ffcbdc90000 - 0x00007ffcbdfe4000 	C:\WINDOWS\System32\combase.dll
0x00007ffcbca50000 - 0x00007ffcbca7c000 	C:\WINDOWS\SYSTEM32\Wldp.dll
0x00007ffcbf5b0000 - 0x00007ffcbf65d000 	C:\WINDOWS\System32\SHCORE.dll
0x00007ffcbea50000 - 0x00007ffcbeaa5000 	C:\WINDOWS\System32\shlwapi.dll
0x00007ffcbd000000 - 0x00007ffcbd01f000 	C:\WINDOWS\SYSTEM32\profapi.dll
0x00007ffc99690000 - 0x00007ffc996a9000 	C:\Users\asus\.vscode\extensions\redhat.java-1.7.0-win32-x64\jre\17.0.3-win32-x86_64\bin\net.dll
0x00007ffcb3e10000 - 0x00007ffcb3f1a000 	C:\WINDOWS\SYSTEM32\WINHTTP.dll
0x00007ffcbc7b0000 - 0x00007ffcbc81a000 	C:\WINDOWS\system32\mswsock.dll
0x00007ffc96ab0000 - 0x00007ffc96ac5000 	C:\Users\asus\.vscode\extensions\redhat.java-1.7.0-win32-x64\jre\17.0.3-win32-x86_64\bin\nio.dll
0x00007ffcbc9b0000 - 0x00007ffcbc9c8000 	C:\WINDOWS\SYSTEM32\CRYPTSP.dll
0x00007ffcbc130000 - 0x00007ffcbc164000 	C:\WINDOWS\system32\rsaenh.dll
0x00007ffcbd0f0000 - 0x00007ffcbd117000 	C:\WINDOWS\System32\bcrypt.dll
0x00007ffcbcf80000 - 0x00007ffcbcfae000 	C:\WINDOWS\SYSTEM32\USERENV.dll
0x00007ffcbc9a0000 - 0x00007ffcbc9ac000 	C:\WINDOWS\SYSTEM32\CRYPTBASE.dll
0x00007ffcbc4a0000 - 0x00007ffcbc4db000 	C:\WINDOWS\SYSTEM32\IPHLPAPI.DLL
0x00007ffcbdc80000 - 0x00007ffcbdc88000 	C:\WINDOWS\System32\NSI.dll
0x00007ffcb2de0000 - 0x00007ffcb2df7000 	C:\WINDOWS\SYSTEM32\dhcpcsvc6.DLL
0x00007ffcb34e0000 - 0x00007ffcb34fd000 	C:\WINDOWS\SYSTEM32\dhcpcsvc.DLL
0x00007ffcbc4e0000 - 0x00007ffcbc5ab000 	C:\WINDOWS\SYSTEM32\DNSAPI.dll
0x00007ffc94b60000 - 0x00007ffc94b9e000 	C:\Users\asus\AppData\Roaming\Code\User\globalStorage\redhat.java\1.7.0\config_win\org.eclipse.equinox.launcher\org.eclipse.equinox.launcher.win32.win32.x86_64_1.2.400.v20211117-0650\eclipse_11602.dll
0x00007ffcbe920000 - 0x00007ffcbea4a000 	C:\WINDOWS\System32\ole32.dll
0x00007ffca5a90000 - 0x00007ffca5aa0000 	c:\Users\asus\.vscode\extensions\redhat.java-1.7.0-win32-x64\jre\17.0.3-win32-x86_64\bin\verify.dll
0x00007ffc96520000 - 0x00007ffc96564000 	C:\Users\asus\AppData\Local\Temp\jna-3003984\jna18182523044911923565.dll
0x00007ffca3ab0000 - 0x00007ffca3abe000 	C:\Users\asus\.vscode\extensions\redhat.java-1.7.0-win32-x64\jre\17.0.3-win32-x86_64\bin\sunmscapi.dll
0x00007ffcbd1b0000 - 0x00007ffcbd306000 	C:\WINDOWS\System32\CRYPT32.dll
0x00007ffcbcac0000 - 0x00007ffcbcae7000 	C:\WINDOWS\SYSTEM32\ncrypt.dll
0x00007ffcbca80000 - 0x00007ffcbcabb000 	C:\WINDOWS\SYSTEM32\NTASN1.dll
0x00007ffcae2c0000 - 0x00007ffcae2ca000 	C:\Windows\System32\rasadhlp.dll
0x00007ffcae930000 - 0x00007ffcae9b0000 	C:\WINDOWS\System32\fwpuclnt.dll

dbghelp: loaded successfully - version: 4.0.5 - missing functions: none
symbol engine: initialized successfully - sym options: 0x614 - pdb path: .;c:\Users\asus\.vscode\extensions\redhat.java-1.7.0-win32-x64\jre\17.0.3-win32-x86_64\bin;C:\WINDOWS\SYSTEM32;C:\WINDOWS\WinSxS\amd64_microsoft.windows.common-controls_6595b64144ccf1df_6.0.19041.1110_none_60b5254171f9507e;c:\Users\asus\.vscode\extensions\redhat.java-1.7.0-win32-x64\jre\17.0.3-win32-x86_64\bin\server;C:\Users\asus\AppData\Roaming\Code\User\globalStorage\redhat.java\1.7.0\config_win\org.eclipse.equinox.launcher\org.eclipse.equinox.launcher.win32.win32.x86_64_1.2.400.v20211117-0650;C:\Users\asus\AppData\Local\Temp\jna-3003984

VM Arguments:
jvm_args: --add-modules=ALL-SYSTEM --add-opens=java.base/java.util=ALL-UNNAMED --add-opens=java.base/java.lang=ALL-UNNAMED --add-opens=java.base/sun.nio.fs=ALL-UNNAMED -Declipse.application=org.eclipse.jdt.ls.core.id1 -Dosgi.bundles.defaultStartLevel=4 -Declipse.product=org.eclipse.jdt.ls.core.product -Djava.import.generatesMetadataFilesAtProjectRoot=false -Dfile.encoding=utf8 -DwatchParentProcess=false -XX:+UseParallelGC -XX:GCTimeRatio=4 -XX:AdaptiveSizePolicyWeight=90 -Dsun.zip.disableMemoryMapping=true -Xmx1G -Xms100m -XX:+HeapDumpOnOutOfMemoryError -XX:HeapDumpPath=c:\Users\asus\AppData\Roaming\Code\User\workspaceStorage\e5639212e1b3025ed554fdfd6e37b3fa\redhat.java 
java_command: c:\Users\asus\.vscode\extensions\redhat.java-1.7.0-win32-x64\server\plugins\org.eclipse.equinox.launcher_1.6.400.v20210924-0641.jar -configuration c:\Users\asus\AppData\Roaming\Code\User\globalStorage\redhat.java\1.7.0\config_win -data c:\Users\asus\AppData\Roaming\Code\User\workspaceStorage\e5639212e1b3025ed554fdfd6e37b3fa\redhat.java\jdt_ws
java_class_path (initial): c:\Users\asus\.vscode\extensions\redhat.java-1.7.0-win32-x64\server\plugins\org.eclipse.equinox.launcher_1.6.400.v20210924-0641.jar
Launcher Type: SUN_STANDARD

[Global flags]
    uintx AdaptiveSizePolicyWeight                 = 90                                        {product} {command line}
     intx CICompilerCount                          = 2                                         {product} {ergonomic}
    uintx GCTimeRatio                              = 4                                         {product} {command line}
     bool HeapDumpOnOutOfMemoryError               = true                                   {manageable} {command line}
    ccstr HeapDumpPath                             = c:\Users\asus\AppData\Roaming\Code\User\workspaceStorage\e5639212e1b3025ed554fdfd6e37b3fa\redhat.java         {manageable} {command line}
   size_t InitialHeapSize                          = 104857600                                 {product} {command line}
   size_t MaxHeapSize                              = 1073741824                                {product} {command line}
   size_t MaxNewSize                               = 357564416                                 {product} {ergonomic}
   size_t MinHeapDeltaBytes                        = 524288                                    {product} {ergonomic}
   size_t MinHeapSize                              = 104857600                                 {product} {command line}
   size_t NewSize                                  = 34603008                                  {product} {ergonomic}
    uintx NonNMethodCodeHeapSize                   = 5826188                                {pd product} {ergonomic}
    uintx NonProfiledCodeHeapSize                  = 122916026                              {pd product} {ergonomic}
   size_t OldSize                                  = 70254592                                  {product} {ergonomic}
    uintx ProfiledCodeHeapSize                     = 122916026                              {pd product} {ergonomic}
    uintx ReservedCodeCacheSize                    = 251658240                              {pd product} {ergonomic}
     bool SegmentedCodeCache                       = true                                      {product} {ergonomic}
   size_t SoftMaxHeapSize                          = 1073741824                             {manageable} {ergonomic}
     bool UseCompressedClassPointers               = true                           {product lp64_product} {ergonomic}
     bool UseCompressedOops                        = true                           {product lp64_product} {ergonomic}
     bool UseLargePagesIndividualAllocation        = false                                  {pd product} {ergonomic}
     bool UseParallelGC                            = true                                      {product} {command line}

Logging:
Log output configuration:
 #0: stdout all=warning uptime,level,tags
 #1: stderr all=off uptime,level,tags

Environment Variables:
PATH=C:\Program Files (x86)\Common Files\Oracle\Java\javapath;C:\Program Files\Common Files\Oracle\Java\javapath;C:\WINDOWS\system32;C:\WINDOWS;C:\WINDOWS\System32\Wbem;C:\WINDOWS\System32\WindowsPowerShell\v1.0\;C:\WINDOWS\System32\OpenSSH\;C:\Program Files\Java\jdk-18\bin;C:\Program Files\Java\jdk1.8.0_202\bin;C:\Users\asus\AppData\Local\GitHubDesktop\bin;C:\Users\asus\AppData\Local\Programs\Microsoft VS Code\bin
USERNAME=asus
OS=Windows_NT
PROCESSOR_IDENTIFIER=Intel64 Family 6 Model 55 Stepping 8, GenuineIntel



---------------  S Y S T E M  ---------------

OS:
 Windows 10 , 64 bit Build 19041 (10.0.19041.1706)
OS uptime: 4 days 11:29 hours

CPU: total 2 (initial active 2) (2 cores per cpu, 1 threads per core) family 6 model 55 stepping 8 microcode 0x838, cx8, cmov, fxsr, mmx, 3dnowpref, sse, sse2, sse3, ssse3, sse4.1, sse4.2, popcnt, tsc, tscinvbit, erms, clmul, clflush

Memory: 4k page, system-wide physical 3982M (767M free)
TotalPageFile size 13466M (AvailPageFile size 4960M)
current process WorkingSet (physical memory assigned to process): 479M, peak: 577M
current process commit charge ("private bytes"): 519M, peak: 594M

vm_info: OpenJDK 64-Bit Server VM (17.0.3+7) for windows-amd64 JRE (17.0.3+7), built on Apr 19 2022 16:55:35 by "" with MS VC++ 16.7 (VS2019)

END.
